<?xml version="1.0" encoding="UTF-8"?>
<!-- Generated by org.testng.reporters.JUnitReportReporter -->
<testsuite skipped="0" hostname="user" name="script.ValidLogin" tests="1" failures="0" timestamp="04 Apr 2018 07:34:22 GMT" time="39.580" errors="0">
  <testcase name="testValidLogin" time="39.580" classname="script.ValidLogin"/>
</testsuite> <!-- script.ValidLogin -->
